c:\users\10342702\desktop\python codes\labview c++\tm1637library\tm1637library\debug\vc142.pdb
c:\users\10342702\desktop\python codes\labview c++\tm1637library\tm1637library\debug\vc142.idb
c:\users\10342702\desktop\python codes\labview c++\tm1637library\tm1637library\debug\dllmain.nativecodeanalysis.sarif
c:\users\10342702\desktop\python codes\labview c++\tm1637library\tm1637library\debug\dllmain.nativecodeanalysis.xml
c:\users\10342702\desktop\python codes\labview c++\tm1637library\tm1637library\debug\dllmain.obj
c:\users\10342702\desktop\python codes\labview c++\tm1637library\tm1637library\debug\tm1637library.pch
c:\users\10342702\desktop\python codes\labview c++\tm1637library\tm1637library\debug\pch.obj
c:\users\10342702\desktop\python codes\labview c++\tm1637library\tm1637library\debug\tm1637.obj
c:\users\10342702\desktop\python codes\labview c++\tm1637library\tm1637library\debug\main.obj
c:\users\10342702\desktop\python codes\labview c++\tm1637library\debug\tm1637library.dll
c:\users\10342702\desktop\python codes\labview c++\tm1637library\tm1637library\debug\tm1637library.ilk
c:\users\10342702\desktop\python codes\labview c++\tm1637library\debug\tm1637library.pdb
c:\users\10342702\desktop\python codes\labview c++\tm1637library\tm1637library\debug\nativecodeanalysis.read.1.tlog
c:\users\10342702\desktop\python codes\labview c++\tm1637library\tm1637library\debug\tm1637library.pchast
c:\users\10342702\desktop\python codes\labview c++\tm1637library\tm1637library\debug\main.nativecodeanalysis.xml
c:\users\10342702\desktop\python codes\labview c++\tm1637library\tm1637library\debug\pch.nativecodeanalysis.xml
c:\users\10342702\desktop\python codes\labview c++\tm1637library\tm1637library\debug\tm1637.nativecodeanalysis.xml
c:\users\10342702\desktop\python codes\labview c++\tm1637library\tm1637library\debug\vc.nativecodeanalysis.all.xml
c:\users\10342702\desktop\python codes\labview c++\tm1637library\tm1637library\debug\tm1637library.tlog\cl.command.1.tlog
c:\users\10342702\desktop\python codes\labview c++\tm1637library\tm1637library\debug\tm1637library.tlog\cl.read.1.tlog
c:\users\10342702\desktop\python codes\labview c++\tm1637library\tm1637library\debug\tm1637library.tlog\cl.write.1.tlog
c:\users\10342702\desktop\python codes\labview c++\tm1637library\tm1637library\debug\tm1637library.tlog\link.command.1.tlog
c:\users\10342702\desktop\python codes\labview c++\tm1637library\tm1637library\debug\tm1637library.tlog\link.read.1.tlog
c:\users\10342702\desktop\python codes\labview c++\tm1637library\tm1637library\debug\tm1637library.tlog\link.write.1.tlog
